d:\dropbox\didattica\fondamenti di grafica tridimensionale\corso 2020-21\source\lezione 10\vs2019\texture mesh\texture mesh\debug\vc142.pdb
d:\dropbox\didattica\fondamenti di grafica tridimensionale\corso 2020-21\source\lezione 10\vs2019\texture mesh\texture mesh\debug\vc142.idb
d:\dropbox\didattica\fondamenti di grafica tridimensionale\corso 2020-21\source\lezione 10\vs2019\texture mesh\texture mesh\debug\main.obj
c:\users\simon\downloads\texture mesh\texture mesh\debug\vc142.pdb
c:\users\simon\downloads\texture mesh\texture mesh\debug\vc142.idb
c:\users\simon\downloads\texture mesh\texture mesh\debug\main.obj
c:\users\simon\downloads\fondamenti\homeworksii\texture mesh\debug\vc142.pdb
c:\users\simon\downloads\fondamenti\homeworksii\texture mesh\debug\vc142.idb
c:\users\simon\downloads\fondamenti\homeworksii\texture mesh\debug\main.obj
d:\dropbox\didattica\fondamenti di grafica tridimensionale\corso 2020-21\source\lezione 10\vs2019\texture mesh\debug\texture mesh.ilk
d:\dropbox\didattica\fondamenti di grafica tridimensionale\corso 2020-21\source\lezione 10\vs2019\texture mesh\debug\texture mesh.exe
d:\dropbox\didattica\fondamenti di grafica tridimensionale\corso 2020-21\source\lezione 10\vs2019\texture mesh\debug\texture mesh.pdb
c:\users\simon\downloads\texture mesh\debug\texture mesh.ilk
c:\users\simon\downloads\texture mesh\debug\texture mesh.exe
c:\users\simon\downloads\texture mesh\debug\texture mesh.pdb
c:\users\simon\downloads\fondamenti\homeworksii\debug\texture mesh.exe
c:\users\simon\downloads\fondamenti\homeworksii\debug\texture mesh.ilk
c:\users\simon\downloads\fondamenti\homeworksii\debug\texture mesh.pdb
c:\users\simon\downloads\fondamenti\homeworksii\texture mesh\debug\texture mesh.tlog\cl.command.1.tlog
c:\users\simon\downloads\fondamenti\homeworksii\texture mesh\debug\texture mesh.tlog\cl.read.1.tlog
c:\users\simon\downloads\fondamenti\homeworksii\texture mesh\debug\texture mesh.tlog\cl.write.1.tlog
c:\users\simon\downloads\fondamenti\homeworksii\texture mesh\debug\texture mesh.tlog\link.command.1.tlog
c:\users\simon\downloads\fondamenti\homeworksii\texture mesh\debug\texture mesh.tlog\link.read.1.tlog
c:\users\simon\downloads\fondamenti\homeworksii\texture mesh\debug\texture mesh.tlog\link.write.1.tlog
